C:\Program Files (x86)\Microsoft Visual Studio\2019\Community\MSBuild\Microsoft\VC\v160\Microsoft.CppBuild.targets(467,5): warning MSB8028: El directorio intermedio (Debug\) contiene archivos compartidos de otro proyecto (02-Bubble.vcxproj). Esto puede dar lugar a un comportamiento incorrecto de limpieza y recompilación.
  Block.cpp
  Game.cpp
C:\Users\PC\Desktop\02-Bubble\02-Bubble\Game.cpp(13,28): warning C4305: 'argumento': truncamiento de 'double' a 'irrklang::ik_f32'
C:\Users\PC\Desktop\02-Bubble\02-Bubble\Game.cpp(81,32): warning C4305: 'argumento': truncamiento de 'double' a 'irrklang::ik_f32'
C:\Users\PC\Desktop\02-Bubble\02-Bubble\Game.cpp(112,31): warning C4305: 'argumento': truncamiento de 'double' a 'irrklang::ik_f32'
  GeneralScene.cpp
C:\Users\PC\Desktop\02-Bubble\02-Bubble\GeneralScene.cpp(185,20): warning C4018: '<': no coinciden signed/unsigned
C:\Users\PC\Desktop\02-Bubble\02-Bubble\GeneralScene.cpp(226,20): warning C4018: '<': no coinciden signed/unsigned
  main.cpp
  Player.cpp
  Scene.cpp
  Shader.cpp
  ShaderProgram.cpp
  Sprite.cpp
  Texture.cpp
  TileMap.cpp
C:\Users\PC\Desktop\02-Bubble\02-Bubble\TileMap.cpp(27,29): warning C4305: 'argumento': truncamiento de 'double' a 'irrklang::ik_f32'
C:\Users\PC\Desktop\02-Bubble\02-Bubble\TileMap.cpp(29,31): warning C4305: 'argumento': truncamiento de 'double' a 'irrklang::ik_f32'
C:\Users\PC\Desktop\02-Bubble\02-Bubble\TileMap.cpp(31,34): warning C4305: 'argumento': truncamiento de 'double' a 'irrklang::ik_f32'
C:\Users\PC\Desktop\02-Bubble\02-Bubble\TileMap.cpp(33,30): warning C4305: 'argumento': truncamiento de 'double' a 'irrklang::ik_f32'
C:\Users\PC\Desktop\02-Bubble\02-Bubble\TileMap.cpp(50,23): warning C4018: '<': no coinciden signed/unsigned
C:\Users\PC\Desktop\02-Bubble\02-Bubble\TileMap.cpp(82,23): warning C4018: '<': no coinciden signed/unsigned
C:\Users\PC\Desktop\02-Bubble\02-Bubble\TileMap.cpp(87,20): warning C4018: '<': no coinciden signed/unsigned
C:\Users\PC\Desktop\02-Bubble\02-Bubble\TileMap.cpp(227,23): warning C4018: '<': no coinciden signed/unsigned
C:\Users\PC\Desktop\02-Bubble\02-Bubble\TileMap.cpp(274,23): warning C4018: '<': no coinciden signed/unsigned
C:\Users\PC\Desktop\02-Bubble\02-Bubble\TileMap.cpp(350,23): warning C4018: '<': no coinciden signed/unsigned
C:\Users\PC\Desktop\02-Bubble\02-Bubble\TileMap.cpp(397,23): warning C4018: '<': no coinciden signed/unsigned
C:\Users\PC\Desktop\02-Bubble\02-Bubble\TileMap.cpp(474,23): warning C4018: '<': no coinciden signed/unsigned
C:\Users\PC\Desktop\02-Bubble\02-Bubble\TileMap.cpp(521,23): warning C4018: '<': no coinciden signed/unsigned
C:\Users\PC\Desktop\02-Bubble\02-Bubble\TileMap.cpp(597,23): warning C4018: '<': no coinciden signed/unsigned
C:\Users\PC\Desktop\02-Bubble\02-Bubble\TileMap.cpp(644,23): warning C4018: '<': no coinciden signed/unsigned
C:\Users\PC\Desktop\02-Bubble\02-Bubble\TileMap.cpp(718,23): warning C4018: '<': no coinciden signed/unsigned
C:\Users\PC\Desktop\02-Bubble\02-Bubble\TileMap.cpp(865,21): warning C4018: '<': no coinciden signed/unsigned
C:\Users\PC\Desktop\02-Bubble\02-Bubble\TileMap.cpp(867,23): warning C4018: '<': no coinciden signed/unsigned
C:\Users\PC\Desktop\02-Bubble\02-Bubble\TileMap.cpp(874,28): warning C4018: '<': no coinciden signed/unsigned
C:\Users\PC\Desktop\02-Bubble\02-Bubble\TileMap.cpp(907,21): warning C4018: '<': no coinciden signed/unsigned
C:\Users\PC\Desktop\02-Bubble\02-Bubble\TileMap.cpp(918,21): warning C4018: '<': no coinciden signed/unsigned
C:\Users\PC\Desktop\02-Bubble\02-Bubble\TileMap.cpp(928,20): warning C4018: '<': no coinciden signed/unsigned
C:\Users\PC\Desktop\02-Bubble\02-Bubble\TileMap.cpp(938,23): warning C4018: '<': no coinciden signed/unsigned
C:\Users\PC\Desktop\02-Bubble\02-Bubble\TileMap.cpp(942,27): warning C4018: '<': no coinciden signed/unsigned
C:\Users\PC\Desktop\02-Bubble\02-Bubble\TileMap.cpp(970,23): warning C4018: '<': no coinciden signed/unsigned
  Generando código...
C:\Users\PC\Desktop\02-Bubble\02-Bubble\TileMap.cpp(793): warning C4715: 'TileMap::blockPropieties': no todas las rutas de acceso de control devuelven un valor
SOIL.lib(image_DXT.obj) : warning LNK4099: no se encontró PDB 'vc100.pdb' con 'SOIL.lib(image_DXT.obj)' o en 'C:\Users\PC\Desktop\02-Bubble\Debug\vc100.pdb'; se vinculará el objeto sin tener en cuenta información de depuración
SOIL.lib(image_helper.obj) : warning LNK4099: no se encontró PDB 'vc100.pdb' con 'SOIL.lib(image_helper.obj)' o en 'C:\Users\PC\Desktop\02-Bubble\Debug\vc100.pdb'; se vinculará el objeto sin tener en cuenta información de depuración
SOIL.lib(SOIL.obj) : warning LNK4099: no se encontró PDB 'vc100.pdb' con 'SOIL.lib(SOIL.obj)' o en 'C:\Users\PC\Desktop\02-Bubble\Debug\vc100.pdb'; se vinculará el objeto sin tener en cuenta información de depuración
SOIL.lib(stb_image_aug.obj) : warning LNK4099: no se encontró PDB 'vc100.pdb' con 'SOIL.lib(stb_image_aug.obj)' o en 'C:\Users\PC\Desktop\02-Bubble\Debug\vc100.pdb'; se vinculará el objeto sin tener en cuenta información de depuración
  02-Bubble.vcxproj -> C:\Users\PC\Desktop\02-Bubble\Debug\Baba Is You.exe
