f:\miquel\vj\2dgame\02-bubble\02-bubble\debug\vc142.pdb
f:\miquel\vj\2dgame\02-bubble\02-bubble\debug\vc142.idb
f:\miquel\vj\2dgame\02-bubble\02-bubble\debug\tilemap.obj
f:\miquel\vj\2dgame\02-bubble\02-bubble\debug\texture.obj
f:\miquel\vj\2dgame\02-bubble\02-bubble\debug\sprite.obj
f:\miquel\vj\2dgame\02-bubble\02-bubble\debug\shaderprogram.obj
f:\miquel\vj\2dgame\02-bubble\02-bubble\debug\shader.obj
f:\miquel\vj\2dgame\02-bubble\02-bubble\debug\scene.obj
f:\miquel\vj\2dgame\02-bubble\02-bubble\debug\player.obj
f:\miquel\vj\2dgame\02-bubble\02-bubble\debug\main.obj
f:\miquel\vj\2dgame\02-bubble\02-bubble\debug\game.obj
f:\miquel\vj\2dgame\02-bubble\02-bubble\debug\block.obj
f:\miquel\vj\2dgame\02-bubble\debug\02-bubble.pdb
f:\miquel\vj\2dgame\02-bubble\02-bubble\debug\02-bubble.tlog\cl.command.1.tlog
f:\miquel\vj\2dgame\02-bubble\02-bubble\debug\02-bubble.tlog\cl.read.1.tlog
f:\miquel\vj\2dgame\02-bubble\02-bubble\debug\02-bubble.tlog\cl.write.1.tlog
f:\miquel\vj\2dgame\02-bubble\02-bubble\debug\02-bubble.tlog\link-cvtres.read.1.tlog
f:\miquel\vj\2dgame\02-bubble\02-bubble\debug\02-bubble.tlog\link-cvtres.write.1.tlog
f:\miquel\vj\2dgame\02-bubble\02-bubble\debug\02-bubble.tlog\link-rc.read.1.tlog
f:\miquel\vj\2dgame\02-bubble\02-bubble\debug\02-bubble.tlog\link-rc.write.1.tlog
f:\miquel\vj\2dgame\02-bubble\02-bubble\debug\02-bubble.tlog\link.command.1.tlog
f:\miquel\vj\2dgame\02-bubble\02-bubble\debug\02-bubble.tlog\link.read.1.tlog
f:\miquel\vj\2dgame\02-bubble\02-bubble\debug\02-bubble.tlog\link.write.1.tlog
